<?xml version="1.0" encoding="UTF-8"?>
<testsuite xmlns:xsi="http://www.w3.org/2001/XMLSchema-instance" xsi:noNamespaceSchemaLocation="https://maven.apache.org/surefire/maven-surefire-plugin/xsd/surefire-test-report-3.0.xsd" version="3.0" name="com.test.cobol.AppTest" time="0.061" tests="1" errors="0" skipped="0" failures="0">
  <properties>
    <property name="gopherProxySet" value="false"/>
    <property name="awt.toolkit" value="sun.lwawt.macosx.LWCToolkit"/>
    <property name="java.specification.version" value="11"/>
    <property name="sun.cpu.isalist" value=""/>
    <property name="sun.jnu.encoding" value="UTF-8"/>
    <property name="java.class.path" value="/Users/jay/Workspace/spark-cobol-jay/target/test-classes:/Users/jay/Workspace/spark-cobol-jay/target/classes:/Users/jay/.m2/repository/org/scala-lang/scala-library/2.11.12/scala-library-2.11.12.jar:/Users/jay/.m2/repository/org/scala-lang/scalap/2.11.12/scalap-2.11.12.jar:/Users/jay/.m2/repository/org/scala-lang/scala-compiler/2.11.12/scala-compiler-2.11.12.jar:/Users/jay/.m2/repository/org/scala-lang/scala-reflect/2.11.12/scala-reflect-2.11.12.jar:/Users/jay/.m2/repository/org/scala-lang/modules/scala-xml_2.11/1.0.5/scala-xml_2.11-1.0.5.jar:/Users/jay/.m2/repository/org/scala-lang/modules/scala-parser-combinators_2.11/1.0.4/scala-parser-combinators_2.11-1.0.4.jar:/Users/jay/.m2/repository/org/projectlombok/lombok/1.18.30/lombok-1.18.30.jar:/Users/jay/.m2/repository/org/apache/spark/spark-sql_2.12/3.3.2/spark-sql_2.12-3.3.2.jar:/Users/jay/.m2/repository/org/rocksdb/rocksdbjni/6.20.3/rocksdbjni-6.20.3.jar:/Users/jay/.m2/repository/com/univocity/univocity-parsers/2.9.1/univocity-parsers-2.9.1.jar:/Users/jay/.m2/repository/org/apache/spark/spark-sketch_2.12/3.3.2/spark-sketch_2.12-3.3.2.jar:/Users/jay/.m2/repository/org/apache/spark/spark-core_2.12/3.3.2/spark-core_2.12-3.3.2.jar:/Users/jay/.m2/repository/org/apache/avro/avro/1.11.0/avro-1.11.0.jar:/Users/jay/.m2/repository/org/apache/commons/commons-compress/1.21/commons-compress-1.21.jar:/Users/jay/.m2/repository/org/apache/avro/avro-mapred/1.11.0/avro-mapred-1.11.0.jar:/Users/jay/.m2/repository/org/apache/avro/avro-ipc/1.11.0/avro-ipc-1.11.0.jar:/Users/jay/.m2/repository/org/tukaani/xz/1.9/xz-1.9.jar:/Users/jay/.m2/repository/com/twitter/chill_2.12/0.10.0/chill_2.12-0.10.0.jar:/Users/jay/.m2/repository/com/esotericsoftware/kryo-shaded/4.0.2/kryo-shaded-4.0.2.jar:/Users/jay/.m2/repository/com/esotericsoftware/minlog/1.3.0/minlog-1.3.0.jar:/Users/jay/.m2/repository/org/objenesis/objenesis/2.5.1/objenesis-2.5.1.jar:/Users/jay/.m2/repository/com/twitter/chill-java/0.10.0/chill-java-0.10.0.jar:/Users/jay/.m2/repository/org/apache/hadoop/hadoop-client-api/3.3.2/hadoop-client-api-3.3.2.jar:/Users/jay/.m2/repository/org/apache/hadoop/hadoop-client-runtime/3.3.2/hadoop-client-runtime-3.3.2.jar:/Users/jay/.m2/repository/commons-logging/commons-logging/1.1.3/commons-logging-1.1.3.jar:/Users/jay/.m2/repository/org/apache/spark/spark-launcher_2.12/3.3.2/spark-launcher_2.12-3.3.2.jar:/Users/jay/.m2/repository/org/apache/spark/spark-kvstore_2.12/3.3.2/spark-kvstore_2.12-3.3.2.jar:/Users/jay/.m2/repository/org/fusesource/leveldbjni/leveldbjni-all/1.8/leveldbjni-all-1.8.jar:/Users/jay/.m2/repository/org/apache/spark/spark-network-common_2.12/3.3.2/spark-network-common_2.12-3.3.2.jar:/Users/jay/.m2/repository/com/google/crypto/tink/tink/1.6.1/tink-1.6.1.jar:/Users/jay/.m2/repository/com/google/code/gson/gson/2.8.6/gson-2.8.6.jar:/Users/jay/.m2/repository/org/apache/spark/spark-network-shuffle_2.12/3.3.2/spark-network-shuffle_2.12-3.3.2.jar:/Users/jay/.m2/repository/org/apache/spark/spark-unsafe_2.12/3.3.2/spark-unsafe_2.12-3.3.2.jar:/Users/jay/.m2/repository/javax/activation/activation/1.1.1/activation-1.1.1.jar:/Users/jay/.m2/repository/org/apache/curator/curator-recipes/2.13.0/curator-recipes-2.13.0.jar:/Users/jay/.m2/repository/org/apache/curator/curator-framework/2.13.0/curator-framework-2.13.0.jar:/Users/jay/.m2/repository/org/apache/curator/curator-client/2.13.0/curator-client-2.13.0.jar:/Users/jay/.m2/repository/com/google/guava/guava/16.0.1/guava-16.0.1.jar:/Users/jay/.m2/repository/org/apache/zookeeper/zookeeper/3.6.2/zookeeper-3.6.2.jar:/Users/jay/.m2/repository/commons-lang/commons-lang/2.6/commons-lang-2.6.jar:/Users/jay/.m2/repository/org/apache/zookeeper/zookeeper-jute/3.6.2/zookeeper-jute-3.6.2.jar:/Users/jay/.m2/repository/org/apache/yetus/audience-annotations/0.5.0/audience-annotations-0.5.0.jar:/Users/jay/.m2/repository/jakarta/servlet/jakarta.servlet-api/4.0.3/jakarta.servlet-api-4.0.3.jar:/Users/jay/.m2/repository/commons-codec/commons-codec/1.15/commons-codec-1.15.jar:/Users/jay/.m2/repository/org/apache/commons/commons-lang3/3.12.0/commons-lang3-3.12.0.jar:/Users/jay/.m2/repository/org/apache/commons/commons-math3/3.6.1/commons-math3-3.6.1.jar:/Users/jay/.m2/repository/org/apache/commons/commons-text/1.10.0/commons-text-1.10.0.jar:/Users/jay/.m2/repository/commons-io/commons-io/2.11.0/commons-io-2.11.0.jar:/Users/jay/.m2/repository/commons-collections/commons-collections/3.2.2/commons-collections-3.2.2.jar:/Users/jay/.m2/repository/org/apache/commons/commons-collections4/4.4/commons-collections4-4.4.jar:/Users/jay/.m2/repository/com/google/code/findbugs/jsr305/3.0.0/jsr305-3.0.0.jar:/Users/jay/.m2/repository/org/slf4j/slf4j-api/1.7.32/slf4j-api-1.7.32.jar:/Users/jay/.m2/repository/org/slf4j/jul-to-slf4j/1.7.32/jul-to-slf4j-1.7.32.jar:/Users/jay/.m2/repository/org/slf4j/jcl-over-slf4j/1.7.32/jcl-over-slf4j-1.7.32.jar:/Users/jay/.m2/repository/org/apache/logging/log4j/log4j-slf4j-impl/2.17.2/log4j-slf4j-impl-2.17.2.jar:/Users/jay/.m2/repository/org/apache/logging/log4j/log4j-api/2.17.2/log4j-api-2.17.2.jar:/Users/jay/.m2/repository/org/apache/logging/log4j/log4j-core/2.17.2/log4j-core-2.17.2.jar:/Users/jay/.m2/repository/org/apache/logging/log4j/log4j-1.2-api/2.17.2/log4j-1.2-api-2.17.2.jar:/Users/jay/.m2/repository/com/ning/compress-lzf/1.1/compress-lzf-1.1.jar:/Users/jay/.m2/repository/org/xerial/snappy/snappy-java/1.1.8.4/snappy-java-1.1.8.4.jar:/Users/jay/.m2/repository/org/lz4/lz4-java/1.8.0/lz4-java-1.8.0.jar:/Users/jay/.m2/repository/com/github/luben/zstd-jni/1.5.2-1/zstd-jni-1.5.2-1.jar:/Users/jay/.m2/repository/org/roaringbitmap/RoaringBitmap/0.9.25/RoaringBitmap-0.9.25.jar:/Users/jay/.m2/repository/org/roaringbitmap/shims/0.9.25/shims-0.9.25.jar:/Users/jay/.m2/repository/org/scala-lang/modules/scala-xml_2.12/1.2.0/scala-xml_2.12-1.2.0.jar:/Users/jay/.m2/repository/org/json4s/json4s-jackson_2.12/3.7.0-M11/json4s-jackson_2.12-3.7.0-M11.jar:/Users/jay/.m2/repository/org/json4s/json4s-core_2.12/3.7.0-M11/json4s-core_2.12-3.7.0-M11.jar:/Users/jay/.m2/repository/org/json4s/json4s-ast_2.12/3.7.0-M11/json4s-ast_2.12-3.7.0-M11.jar:/Users/jay/.m2/repository/org/json4s/json4s-scalap_2.12/3.7.0-M11/json4s-scalap_2.12-3.7.0-M11.jar:/Users/jay/.m2/repository/org/glassfish/jersey/core/jersey-client/2.36/jersey-client-2.36.jar:/Users/jay/.m2/repository/jakarta/ws/rs/jakarta.ws.rs-api/2.1.6/jakarta.ws.rs-api-2.1.6.jar:/Users/jay/.m2/repository/org/glassfish/hk2/external/jakarta.inject/2.6.1/jakarta.inject-2.6.1.jar:/Users/jay/.m2/repository/org/glassfish/jersey/core/jersey-common/2.36/jersey-common-2.36.jar:/Users/jay/.m2/repository/jakarta/annotation/jakarta.annotation-api/1.3.5/jakarta.annotation-api-1.3.5.jar:/Users/jay/.m2/repository/org/glassfish/hk2/osgi-resource-locator/1.0.3/osgi-resource-locator-1.0.3.jar:/Users/jay/.m2/repository/org/glassfish/jersey/core/jersey-server/2.36/jersey-server-2.36.jar:/Users/jay/.m2/repository/jakarta/validation/jakarta.validation-api/2.0.2/jakarta.validation-api-2.0.2.jar:/Users/jay/.m2/repository/org/glassfish/jersey/containers/jersey-container-servlet/2.36/jersey-container-servlet-2.36.jar:/Users/jay/.m2/repository/org/glassfish/jersey/containers/jersey-container-servlet-core/2.36/jersey-container-servlet-core-2.36.jar:/Users/jay/.m2/repository/org/glassfish/jersey/inject/jersey-hk2/2.36/jersey-hk2-2.36.jar:/Users/jay/.m2/repository/org/glassfish/hk2/hk2-locator/2.6.1/hk2-locator-2.6.1.jar:/Users/jay/.m2/repository/org/glassfish/hk2/external/aopalliance-repackaged/2.6.1/aopalliance-repackaged-2.6.1.jar:/Users/jay/.m2/repository/org/glassfish/hk2/hk2-api/2.6.1/hk2-api-2.6.1.jar:/Users/jay/.m2/repository/org/glassfish/hk2/hk2-utils/2.6.1/hk2-utils-2.6.1.jar:/Users/jay/.m2/repository/org/javassist/javassist/3.25.0-GA/javassist-3.25.0-GA.jar:/Users/jay/.m2/repository/io/netty/netty-all/4.1.74.Final/netty-all-4.1.74.Final.jar:/Users/jay/.m2/repository/io/netty/netty-buffer/4.1.74.Final/netty-buffer-4.1.74.Final.jar:/Users/jay/.m2/repository/io/netty/netty-codec/4.1.74.Final/netty-codec-4.1.74.Final.jar:/Users/jay/.m2/repository/io/netty/netty-common/4.1.74.Final/netty-common-4.1.74.Final.jar:/Users/jay/.m2/repository/io/netty/netty-handler/4.1.74.Final/netty-handler-4.1.74.Final.jar:/Users/jay/.m2/repository/io/netty/netty-tcnative-classes/2.0.48.Final/netty-tcnative-classes-2.0.48.Final.jar:/Users/jay/.m2/repository/io/netty/netty-resolver/4.1.74.Final/netty-resolver-4.1.74.Final.jar:/Users/jay/.m2/repository/io/netty/netty-transport/4.1.74.Final/netty-transport-4.1.74.Final.jar:/Users/jay/.m2/repository/io/netty/netty-transport-classes-epoll/4.1.74.Final/netty-transport-classes-epoll-4.1.74.Final.jar:/Users/jay/.m2/repository/io/netty/netty-transport-native-unix-common/4.1.74.Final/netty-transport-native-unix-common-4.1.74.Final.jar:/Users/jay/.m2/repository/io/netty/netty-transport-classes-kqueue/4.1.74.Final/netty-transport-classes-kqueue-4.1.74.Final.jar:/Users/jay/.m2/repository/io/netty/netty-transport-native-epoll/4.1.74.Final/netty-transport-native-epoll-4.1.74.Final-linux-x86_64.jar:/Users/jay/.m2/repository/io/netty/netty-transport-native-epoll/4.1.74.Final/netty-transport-native-epoll-4.1.74.Final-linux-aarch_64.jar:/Users/jay/.m2/repository/io/netty/netty-transport-native-kqueue/4.1.74.Final/netty-transport-native-kqueue-4.1.74.Final-osx-x86_64.jar:/Users/jay/.m2/repository/io/netty/netty-transport-native-kqueue/4.1.74.Final/netty-transport-native-kqueue-4.1.74.Final-osx-aarch_64.jar:/Users/jay/.m2/repository/com/clearspring/analytics/stream/2.9.6/stream-2.9.6.jar:/Users/jay/.m2/repository/io/dropwizard/metrics/metrics-core/4.2.7/metrics-core-4.2.7.jar:/Users/jay/.m2/repository/io/dropwizard/metrics/metrics-jvm/4.2.7/metrics-jvm-4.2.7.jar:/Users/jay/.m2/repository/io/dropwizard/metrics/metrics-json/4.2.7/metrics-json-4.2.7.jar:/Users/jay/.m2/repository/io/dropwizard/metrics/metrics-graphite/4.2.7/metrics-graphite-4.2.7.jar:/Users/jay/.m2/repository/io/dropwizard/metrics/metrics-jmx/4.2.7/metrics-jmx-4.2.7.jar:/Users/jay/.m2/repository/com/fasterxml/jackson/module/jackson-module-scala_2.12/2.13.4/jackson-module-scala_2.12-2.13.4.jar:/Users/jay/.m2/repository/com/thoughtworks/paranamer/paranamer/2.8/paranamer-2.8.jar:/Users/jay/.m2/repository/org/apache/ivy/ivy/2.5.1/ivy-2.5.1.jar:/Users/jay/.m2/repository/oro/oro/2.0.8/oro-2.0.8.jar:/Users/jay/.m2/repository/net/razorvine/pickle/1.2/pickle-1.2.jar:/Users/jay/.m2/repository/net/sf/py4j/py4j/0.10.9.5/py4j-0.10.9.5.jar:/Users/jay/.m2/repository/org/apache/commons/commons-crypto/1.1.0/commons-crypto-1.1.0.jar:/Users/jay/.m2/repository/org/apache/spark/spark-catalyst_2.12/3.3.2/spark-catalyst_2.12-3.3.2.jar:/Users/jay/.m2/repository/org/scala-lang/modules/scala-parser-combinators_2.12/1.1.2/scala-parser-combinators_2.12-1.1.2.jar:/Users/jay/.m2/repository/org/codehaus/janino/janino/3.0.16/janino-3.0.16.jar:/Users/jay/.m2/repository/org/codehaus/janino/commons-compiler/3.0.16/commons-compiler-3.0.16.jar:/Users/jay/.m2/repository/org/antlr/antlr4-runtime/4.8/antlr4-runtime-4.8.jar:/Users/jay/.m2/repository/org/apache/arrow/arrow-vector/7.0.0/arrow-vector-7.0.0.jar:/Users/jay/.m2/repository/org/apache/arrow/arrow-format/7.0.0/arrow-format-7.0.0.jar:/Users/jay/.m2/repository/org/apache/arrow/arrow-memory-core/7.0.0/arrow-memory-core-7.0.0.jar:/Users/jay/.m2/repository/com/google/flatbuffers/flatbuffers-java/1.12.0/flatbuffers-java-1.12.0.jar:/Users/jay/.m2/repository/org/apache/arrow/arrow-memory-netty/7.0.0/arrow-memory-netty-7.0.0.jar:/Users/jay/.m2/repository/org/apache/spark/spark-tags_2.12/3.3.2/spark-tags_2.12-3.3.2.jar:/Users/jay/.m2/repository/org/apache/orc/orc-core/1.7.8/orc-core-1.7.8.jar:/Users/jay/.m2/repository/org/apache/orc/orc-shims/1.7.8/orc-shims-1.7.8.jar:/Users/jay/.m2/repository/com/google/protobuf/protobuf-java/2.5.0/protobuf-java-2.5.0.jar:/Users/jay/.m2/repository/io/airlift/aircompressor/0.21/aircompressor-0.21.jar:/Users/jay/.m2/repository/org/jetbrains/annotations/17.0.0/annotations-17.0.0.jar:/Users/jay/.m2/repository/org/threeten/threeten-extra/1.5.0/threeten-extra-1.5.0.jar:/Users/jay/.m2/repository/org/apache/orc/orc-mapreduce/1.7.8/orc-mapreduce-1.7.8.jar:/Users/jay/.m2/repository/org/apache/hive/hive-storage-api/2.7.2/hive-storage-api-2.7.2.jar:/Users/jay/.m2/repository/org/apache/parquet/parquet-column/1.12.2/parquet-column-1.12.2.jar:/Users/jay/.m2/repository/org/apache/parquet/parquet-common/1.12.2/parquet-common-1.12.2.jar:/Users/jay/.m2/repository/org/apache/parquet/parquet-encoding/1.12.2/parquet-encoding-1.12.2.jar:/Users/jay/.m2/repository/org/apache/parquet/parquet-hadoop/1.12.2/parquet-hadoop-1.12.2.jar:/Users/jay/.m2/repository/org/apache/parquet/parquet-format-structures/1.12.2/parquet-format-structures-1.12.2.jar:/Users/jay/.m2/repository/org/apache/parquet/parquet-jackson/1.12.2/parquet-jackson-1.12.2.jar:/Users/jay/.m2/repository/com/fasterxml/jackson/core/jackson-databind/2.13.4.2/jackson-databind-2.13.4.2.jar:/Users/jay/.m2/repository/com/fasterxml/jackson/core/jackson-annotations/2.13.4/jackson-annotations-2.13.4.jar:/Users/jay/.m2/repository/com/fasterxml/jackson/core/jackson-core/2.13.4/jackson-core-2.13.4.jar:/Users/jay/.m2/repository/org/apache/xbean/xbean-asm9-shaded/4.20/xbean-asm9-shaded-4.20.jar:/Users/jay/.m2/repository/org/spark-project/spark/unused/1.0.0/unused-1.0.0.jar:/Users/jay/.m2/repository/za/co/absa/cobrix/spark-cobol_2.12/2.6.9/spark-cobol_2.12-2.6.9.jar:/Users/jay/.m2/repository/za/co/absa/cobrix/cobol-parser_2.12/2.6.9/cobol-parser_2.12-2.6.9.jar:/Users/jay/.m2/repository/org/scodec/scodec-core_2.12/1.11.4/scodec-core_2.12-1.11.4.jar:/Users/jay/.m2/repository/org/scodec/scodec-bits_2.12/1.1.12/scodec-bits_2.12-1.1.12.jar:/Users/jay/.m2/repository/com/chuusai/shapeless_2.12/2.3.3/shapeless_2.12-2.3.3.jar:/Users/jay/.m2/repository/org/typelevel/macro-compat_2.12/1.1.1/macro-compat_2.12-1.1.1.jar:/Users/jay/.m2/repository/junit/junit/4.13.1/junit-4.13.1.jar:/Users/jay/.m2/repository/org/hamcrest/hamcrest-core/1.3/hamcrest-core-1.3.jar:"/>
    <property name="java.vm.vendor" value="Oracle Corporation"/>
    <property name="sun.arch.data.model" value="64"/>
    <property name="java.vendor.url" value="https://openjdk.java.net/"/>
    <property name="user.timezone" value=""/>
    <property name="java.vm.specification.version" value="11"/>
    <property name="os.name" value="Mac OS X"/>
    <property name="sun.java.launcher" value="SUN_STANDARD"/>
    <property name="user.country" value="US"/>
    <property name="sun.boot.library.path" value="/Library/Java/JavaVirtualMachines/jdk-11.0.7.jdk/Contents/Home/lib"/>
    <property name="sun.java.command" value="/Users/jay/Workspace/spark-cobol-jay/target/surefire/surefirebooter-20231227162128785_3.jar /Users/jay/Workspace/spark-cobol-jay/target/surefire 2023-12-27T16-21-28_647-jvmRun1 surefire-20231227162128785_1tmp surefire_0-20231227162128785_2tmp"/>
    <property name="http.nonProxyHosts" value="local|*.local|169.254/16|*.169.254/16"/>
    <property name="jdk.debug" value="release"/>
    <property name="surefire.test.class.path" value="/Users/jay/Workspace/spark-cobol-jay/target/test-classes:/Users/jay/Workspace/spark-cobol-jay/target/classes:/Users/jay/.m2/repository/org/scala-lang/scala-library/2.11.12/scala-library-2.11.12.jar:/Users/jay/.m2/repository/org/scala-lang/scalap/2.11.12/scalap-2.11.12.jar:/Users/jay/.m2/repository/org/scala-lang/scala-compiler/2.11.12/scala-compiler-2.11.12.jar:/Users/jay/.m2/repository/org/scala-lang/scala-reflect/2.11.12/scala-reflect-2.11.12.jar:/Users/jay/.m2/repository/org/scala-lang/modules/scala-xml_2.11/1.0.5/scala-xml_2.11-1.0.5.jar:/Users/jay/.m2/repository/org/scala-lang/modules/scala-parser-combinators_2.11/1.0.4/scala-parser-combinators_2.11-1.0.4.jar:/Users/jay/.m2/repository/org/projectlombok/lombok/1.18.30/lombok-1.18.30.jar:/Users/jay/.m2/repository/org/apache/spark/spark-sql_2.12/3.3.2/spark-sql_2.12-3.3.2.jar:/Users/jay/.m2/repository/org/rocksdb/rocksdbjni/6.20.3/rocksdbjni-6.20.3.jar:/Users/jay/.m2/repository/com/univocity/univocity-parsers/2.9.1/univocity-parsers-2.9.1.jar:/Users/jay/.m2/repository/org/apache/spark/spark-sketch_2.12/3.3.2/spark-sketch_2.12-3.3.2.jar:/Users/jay/.m2/repository/org/apache/spark/spark-core_2.12/3.3.2/spark-core_2.12-3.3.2.jar:/Users/jay/.m2/repository/org/apache/avro/avro/1.11.0/avro-1.11.0.jar:/Users/jay/.m2/repository/org/apache/commons/commons-compress/1.21/commons-compress-1.21.jar:/Users/jay/.m2/repository/org/apache/avro/avro-mapred/1.11.0/avro-mapred-1.11.0.jar:/Users/jay/.m2/repository/org/apache/avro/avro-ipc/1.11.0/avro-ipc-1.11.0.jar:/Users/jay/.m2/repository/org/tukaani/xz/1.9/xz-1.9.jar:/Users/jay/.m2/repository/com/twitter/chill_2.12/0.10.0/chill_2.12-0.10.0.jar:/Users/jay/.m2/repository/com/esotericsoftware/kryo-shaded/4.0.2/kryo-shaded-4.0.2.jar:/Users/jay/.m2/repository/com/esotericsoftware/minlog/1.3.0/minlog-1.3.0.jar:/Users/jay/.m2/repository/org/objenesis/objenesis/2.5.1/objenesis-2.5.1.jar:/Users/jay/.m2/repository/com/twitter/chill-java/0.10.0/chill-java-0.10.0.jar:/Users/jay/.m2/repository/org/apache/hadoop/hadoop-client-api/3.3.2/hadoop-client-api-3.3.2.jar:/Users/jay/.m2/repository/org/apache/hadoop/hadoop-client-runtime/3.3.2/hadoop-client-runtime-3.3.2.jar:/Users/jay/.m2/repository/commons-logging/commons-logging/1.1.3/commons-logging-1.1.3.jar:/Users/jay/.m2/repository/org/apache/spark/spark-launcher_2.12/3.3.2/spark-launcher_2.12-3.3.2.jar:/Users/jay/.m2/repository/org/apache/spark/spark-kvstore_2.12/3.3.2/spark-kvstore_2.12-3.3.2.jar:/Users/jay/.m2/repository/org/fusesource/leveldbjni/leveldbjni-all/1.8/leveldbjni-all-1.8.jar:/Users/jay/.m2/repository/org/apache/spark/spark-network-common_2.12/3.3.2/spark-network-common_2.12-3.3.2.jar:/Users/jay/.m2/repository/com/google/crypto/tink/tink/1.6.1/tink-1.6.1.jar:/Users/jay/.m2/repository/com/google/code/gson/gson/2.8.6/gson-2.8.6.jar:/Users/jay/.m2/repository/org/apache/spark/spark-network-shuffle_2.12/3.3.2/spark-network-shuffle_2.12-3.3.2.jar:/Users/jay/.m2/repository/org/apache/spark/spark-unsafe_2.12/3.3.2/spark-unsafe_2.12-3.3.2.jar:/Users/jay/.m2/repository/javax/activation/activation/1.1.1/activation-1.1.1.jar:/Users/jay/.m2/repository/org/apache/curator/curator-recipes/2.13.0/curator-recipes-2.13.0.jar:/Users/jay/.m2/repository/org/apache/curator/curator-framework/2.13.0/curator-framework-2.13.0.jar:/Users/jay/.m2/repository/org/apache/curator/curator-client/2.13.0/curator-client-2.13.0.jar:/Users/jay/.m2/repository/com/google/guava/guava/16.0.1/guava-16.0.1.jar:/Users/jay/.m2/repository/org/apache/zookeeper/zookeeper/3.6.2/zookeeper-3.6.2.jar:/Users/jay/.m2/repository/commons-lang/commons-lang/2.6/commons-lang-2.6.jar:/Users/jay/.m2/repository/org/apache/zookeeper/zookeeper-jute/3.6.2/zookeeper-jute-3.6.2.jar:/Users/jay/.m2/repository/org/apache/yetus/audience-annotations/0.5.0/audience-annotations-0.5.0.jar:/Users/jay/.m2/repository/jakarta/servlet/jakarta.servlet-api/4.0.3/jakarta.servlet-api-4.0.3.jar:/Users/jay/.m2/repository/commons-codec/commons-codec/1.15/commons-codec-1.15.jar:/Users/jay/.m2/repository/org/apache/commons/commons-lang3/3.12.0/commons-lang3-3.12.0.jar:/Users/jay/.m2/repository/org/apache/commons/commons-math3/3.6.1/commons-math3-3.6.1.jar:/Users/jay/.m2/repository/org/apache/commons/commons-text/1.10.0/commons-text-1.10.0.jar:/Users/jay/.m2/repository/commons-io/commons-io/2.11.0/commons-io-2.11.0.jar:/Users/jay/.m2/repository/commons-collections/commons-collections/3.2.2/commons-collections-3.2.2.jar:/Users/jay/.m2/repository/org/apache/commons/commons-collections4/4.4/commons-collections4-4.4.jar:/Users/jay/.m2/repository/com/google/code/findbugs/jsr305/3.0.0/jsr305-3.0.0.jar:/Users/jay/.m2/repository/org/slf4j/slf4j-api/1.7.32/slf4j-api-1.7.32.jar:/Users/jay/.m2/repository/org/slf4j/jul-to-slf4j/1.7.32/jul-to-slf4j-1.7.32.jar:/Users/jay/.m2/repository/org/slf4j/jcl-over-slf4j/1.7.32/jcl-over-slf4j-1.7.32.jar:/Users/jay/.m2/repository/org/apache/logging/log4j/log4j-slf4j-impl/2.17.2/log4j-slf4j-impl-2.17.2.jar:/Users/jay/.m2/repository/org/apache/logging/log4j/log4j-api/2.17.2/log4j-api-2.17.2.jar:/Users/jay/.m2/repository/org/apache/logging/log4j/log4j-core/2.17.2/log4j-core-2.17.2.jar:/Users/jay/.m2/repository/org/apache/logging/log4j/log4j-1.2-api/2.17.2/log4j-1.2-api-2.17.2.jar:/Users/jay/.m2/repository/com/ning/compress-lzf/1.1/compress-lzf-1.1.jar:/Users/jay/.m2/repository/org/xerial/snappy/snappy-java/1.1.8.4/snappy-java-1.1.8.4.jar:/Users/jay/.m2/repository/org/lz4/lz4-java/1.8.0/lz4-java-1.8.0.jar:/Users/jay/.m2/repository/com/github/luben/zstd-jni/1.5.2-1/zstd-jni-1.5.2-1.jar:/Users/jay/.m2/repository/org/roaringbitmap/RoaringBitmap/0.9.25/RoaringBitmap-0.9.25.jar:/Users/jay/.m2/repository/org/roaringbitmap/shims/0.9.25/shims-0.9.25.jar:/Users/jay/.m2/repository/org/scala-lang/modules/scala-xml_2.12/1.2.0/scala-xml_2.12-1.2.0.jar:/Users/jay/.m2/repository/org/json4s/json4s-jackson_2.12/3.7.0-M11/json4s-jackson_2.12-3.7.0-M11.jar:/Users/jay/.m2/repository/org/json4s/json4s-core_2.12/3.7.0-M11/json4s-core_2.12-3.7.0-M11.jar:/Users/jay/.m2/repository/org/json4s/json4s-ast_2.12/3.7.0-M11/json4s-ast_2.12-3.7.0-M11.jar:/Users/jay/.m2/repository/org/json4s/json4s-scalap_2.12/3.7.0-M11/json4s-scalap_2.12-3.7.0-M11.jar:/Users/jay/.m2/repository/org/glassfish/jersey/core/jersey-client/2.36/jersey-client-2.36.jar:/Users/jay/.m2/repository/jakarta/ws/rs/jakarta.ws.rs-api/2.1.6/jakarta.ws.rs-api-2.1.6.jar:/Users/jay/.m2/repository/org/glassfish/hk2/external/jakarta.inject/2.6.1/jakarta.inject-2.6.1.jar:/Users/jay/.m2/repository/org/glassfish/jersey/core/jersey-common/2.36/jersey-common-2.36.jar:/Users/jay/.m2/repository/jakarta/annotation/jakarta.annotation-api/1.3.5/jakarta.annotation-api-1.3.5.jar:/Users/jay/.m2/repository/org/glassfish/hk2/osgi-resource-locator/1.0.3/osgi-resource-locator-1.0.3.jar:/Users/jay/.m2/repository/org/glassfish/jersey/core/jersey-server/2.36/jersey-server-2.36.jar:/Users/jay/.m2/repository/jakarta/validation/jakarta.validation-api/2.0.2/jakarta.validation-api-2.0.2.jar:/Users/jay/.m2/repository/org/glassfish/jersey/containers/jersey-container-servlet/2.36/jersey-container-servlet-2.36.jar:/Users/jay/.m2/repository/org/glassfish/jersey/containers/jersey-container-servlet-core/2.36/jersey-container-servlet-core-2.36.jar:/Users/jay/.m2/repository/org/glassfish/jersey/inject/jersey-hk2/2.36/jersey-hk2-2.36.jar:/Users/jay/.m2/repository/org/glassfish/hk2/hk2-locator/2.6.1/hk2-locator-2.6.1.jar:/Users/jay/.m2/repository/org/glassfish/hk2/external/aopalliance-repackaged/2.6.1/aopalliance-repackaged-2.6.1.jar:/Users/jay/.m2/repository/org/glassfish/hk2/hk2-api/2.6.1/hk2-api-2.6.1.jar:/Users/jay/.m2/repository/org/glassfish/hk2/hk2-utils/2.6.1/hk2-utils-2.6.1.jar:/Users/jay/.m2/repository/org/javassist/javassist/3.25.0-GA/javassist-3.25.0-GA.jar:/Users/jay/.m2/repository/io/netty/netty-all/4.1.74.Final/netty-all-4.1.74.Final.jar:/Users/jay/.m2/repository/io/netty/netty-buffer/4.1.74.Final/netty-buffer-4.1.74.Final.jar:/Users/jay/.m2/repository/io/netty/netty-codec/4.1.74.Final/netty-codec-4.1.74.Final.jar:/Users/jay/.m2/repository/io/netty/netty-common/4.1.74.Final/netty-common-4.1.74.Final.jar:/Users/jay/.m2/repository/io/netty/netty-handler/4.1.74.Final/netty-handler-4.1.74.Final.jar:/Users/jay/.m2/repository/io/netty/netty-tcnative-classes/2.0.48.Final/netty-tcnative-classes-2.0.48.Final.jar:/Users/jay/.m2/repository/io/netty/netty-resolver/4.1.74.Final/netty-resolver-4.1.74.Final.jar:/Users/jay/.m2/repository/io/netty/netty-transport/4.1.74.Final/netty-transport-4.1.74.Final.jar:/Users/jay/.m2/repository/io/netty/netty-transport-classes-epoll/4.1.74.Final/netty-transport-classes-epoll-4.1.74.Final.jar:/Users/jay/.m2/repository/io/netty/netty-transport-native-unix-common/4.1.74.Final/netty-transport-native-unix-common-4.1.74.Final.jar:/Users/jay/.m2/repository/io/netty/netty-transport-classes-kqueue/4.1.74.Final/netty-transport-classes-kqueue-4.1.74.Final.jar:/Users/jay/.m2/repository/io/netty/netty-transport-native-epoll/4.1.74.Final/netty-transport-native-epoll-4.1.74.Final-linux-x86_64.jar:/Users/jay/.m2/repository/io/netty/netty-transport-native-epoll/4.1.74.Final/netty-transport-native-epoll-4.1.74.Final-linux-aarch_64.jar:/Users/jay/.m2/repository/io/netty/netty-transport-native-kqueue/4.1.74.Final/netty-transport-native-kqueue-4.1.74.Final-osx-x86_64.jar:/Users/jay/.m2/repository/io/netty/netty-transport-native-kqueue/4.1.74.Final/netty-transport-native-kqueue-4.1.74.Final-osx-aarch_64.jar:/Users/jay/.m2/repository/com/clearspring/analytics/stream/2.9.6/stream-2.9.6.jar:/Users/jay/.m2/repository/io/dropwizard/metrics/metrics-core/4.2.7/metrics-core-4.2.7.jar:/Users/jay/.m2/repository/io/dropwizard/metrics/metrics-jvm/4.2.7/metrics-jvm-4.2.7.jar:/Users/jay/.m2/repository/io/dropwizard/metrics/metrics-json/4.2.7/metrics-json-4.2.7.jar:/Users/jay/.m2/repository/io/dropwizard/metrics/metrics-graphite/4.2.7/metrics-graphite-4.2.7.jar:/Users/jay/.m2/repository/io/dropwizard/metrics/metrics-jmx/4.2.7/metrics-jmx-4.2.7.jar:/Users/jay/.m2/repository/com/fasterxml/jackson/module/jackson-module-scala_2.12/2.13.4/jackson-module-scala_2.12-2.13.4.jar:/Users/jay/.m2/repository/com/thoughtworks/paranamer/paranamer/2.8/paranamer-2.8.jar:/Users/jay/.m2/repository/org/apache/ivy/ivy/2.5.1/ivy-2.5.1.jar:/Users/jay/.m2/repository/oro/oro/2.0.8/oro-2.0.8.jar:/Users/jay/.m2/repository/net/razorvine/pickle/1.2/pickle-1.2.jar:/Users/jay/.m2/repository/net/sf/py4j/py4j/0.10.9.5/py4j-0.10.9.5.jar:/Users/jay/.m2/repository/org/apache/commons/commons-crypto/1.1.0/commons-crypto-1.1.0.jar:/Users/jay/.m2/repository/org/apache/spark/spark-catalyst_2.12/3.3.2/spark-catalyst_2.12-3.3.2.jar:/Users/jay/.m2/repository/org/scala-lang/modules/scala-parser-combinators_2.12/1.1.2/scala-parser-combinators_2.12-1.1.2.jar:/Users/jay/.m2/repository/org/codehaus/janino/janino/3.0.16/janino-3.0.16.jar:/Users/jay/.m2/repository/org/codehaus/janino/commons-compiler/3.0.16/commons-compiler-3.0.16.jar:/Users/jay/.m2/repository/org/antlr/antlr4-runtime/4.8/antlr4-runtime-4.8.jar:/Users/jay/.m2/repository/org/apache/arrow/arrow-vector/7.0.0/arrow-vector-7.0.0.jar:/Users/jay/.m2/repository/org/apache/arrow/arrow-format/7.0.0/arrow-format-7.0.0.jar:/Users/jay/.m2/repository/org/apache/arrow/arrow-memory-core/7.0.0/arrow-memory-core-7.0.0.jar:/Users/jay/.m2/repository/com/google/flatbuffers/flatbuffers-java/1.12.0/flatbuffers-java-1.12.0.jar:/Users/jay/.m2/repository/org/apache/arrow/arrow-memory-netty/7.0.0/arrow-memory-netty-7.0.0.jar:/Users/jay/.m2/repository/org/apache/spark/spark-tags_2.12/3.3.2/spark-tags_2.12-3.3.2.jar:/Users/jay/.m2/repository/org/apache/orc/orc-core/1.7.8/orc-core-1.7.8.jar:/Users/jay/.m2/repository/org/apache/orc/orc-shims/1.7.8/orc-shims-1.7.8.jar:/Users/jay/.m2/repository/com/google/protobuf/protobuf-java/2.5.0/protobuf-java-2.5.0.jar:/Users/jay/.m2/repository/io/airlift/aircompressor/0.21/aircompressor-0.21.jar:/Users/jay/.m2/repository/org/jetbrains/annotations/17.0.0/annotations-17.0.0.jar:/Users/jay/.m2/repository/org/threeten/threeten-extra/1.5.0/threeten-extra-1.5.0.jar:/Users/jay/.m2/repository/org/apache/orc/orc-mapreduce/1.7.8/orc-mapreduce-1.7.8.jar:/Users/jay/.m2/repository/org/apache/hive/hive-storage-api/2.7.2/hive-storage-api-2.7.2.jar:/Users/jay/.m2/repository/org/apache/parquet/parquet-column/1.12.2/parquet-column-1.12.2.jar:/Users/jay/.m2/repository/org/apache/parquet/parquet-common/1.12.2/parquet-common-1.12.2.jar:/Users/jay/.m2/repository/org/apache/parquet/parquet-encoding/1.12.2/parquet-encoding-1.12.2.jar:/Users/jay/.m2/repository/org/apache/parquet/parquet-hadoop/1.12.2/parquet-hadoop-1.12.2.jar:/Users/jay/.m2/repository/org/apache/parquet/parquet-format-structures/1.12.2/parquet-format-structures-1.12.2.jar:/Users/jay/.m2/repository/org/apache/parquet/parquet-jackson/1.12.2/parquet-jackson-1.12.2.jar:/Users/jay/.m2/repository/com/fasterxml/jackson/core/jackson-databind/2.13.4.2/jackson-databind-2.13.4.2.jar:/Users/jay/.m2/repository/com/fasterxml/jackson/core/jackson-annotations/2.13.4/jackson-annotations-2.13.4.jar:/Users/jay/.m2/repository/com/fasterxml/jackson/core/jackson-core/2.13.4/jackson-core-2.13.4.jar:/Users/jay/.m2/repository/org/apache/xbean/xbean-asm9-shaded/4.20/xbean-asm9-shaded-4.20.jar:/Users/jay/.m2/repository/org/spark-project/spark/unused/1.0.0/unused-1.0.0.jar:/Users/jay/.m2/repository/za/co/absa/cobrix/spark-cobol_2.12/2.6.9/spark-cobol_2.12-2.6.9.jar:/Users/jay/.m2/repository/za/co/absa/cobrix/cobol-parser_2.12/2.6.9/cobol-parser_2.12-2.6.9.jar:/Users/jay/.m2/repository/org/scodec/scodec-core_2.12/1.11.4/scodec-core_2.12-1.11.4.jar:/Users/jay/.m2/repository/org/scodec/scodec-bits_2.12/1.1.12/scodec-bits_2.12-1.1.12.jar:/Users/jay/.m2/repository/com/chuusai/shapeless_2.12/2.3.3/shapeless_2.12-2.3.3.jar:/Users/jay/.m2/repository/org/typelevel/macro-compat_2.12/1.1.1/macro-compat_2.12-1.1.1.jar:/Users/jay/.m2/repository/junit/junit/4.13.1/junit-4.13.1.jar:/Users/jay/.m2/repository/org/hamcrest/hamcrest-core/1.3/hamcrest-core-1.3.jar:"/>
    <property name="sun.cpu.endian" value="little"/>
    <property name="user.home" value="/Users/jay"/>
    <property name="user.language" value="en"/>
    <property name="java.specification.vendor" value="Oracle Corporation"/>
    <property name="java.version.date" value="2020-04-14"/>
    <property name="java.home" value="/Library/Java/JavaVirtualMachines/jdk-11.0.7.jdk/Contents/Home"/>
    <property name="file.separator" value="/"/>
    <property name="basedir" value="/Users/jay/Workspace/spark-cobol-jay"/>
    <property name="java.vm.compressedOopsMode" value="Zero based"/>
    <property name="line.separator" value="&#10;"/>
    <property name="java.specification.name" value="Java Platform API Specification"/>
    <property name="java.vm.specification.vendor" value="Oracle Corporation"/>
    <property name="java.awt.graphicsenv" value="sun.awt.CGraphicsEnvironment"/>
    <property name="surefire.real.class.path" value="/Users/jay/Workspace/spark-cobol-jay/target/surefire/surefirebooter-20231227162128785_3.jar"/>
    <property name="sun.management.compiler" value="HotSpot 64-Bit Tiered Compilers"/>
    <property name="ftp.nonProxyHosts" value="local|*.local|169.254/16|*.169.254/16"/>
    <property name="java.runtime.version" value="11.0.7+8-LTS"/>
    <property name="user.name" value="jay"/>
    <property name="path.separator" value=":"/>
    <property name="os.version" value="10.16"/>
    <property name="java.runtime.name" value="Java(TM) SE Runtime Environment"/>
    <property name="file.encoding" value="UTF-8"/>
    <property name="java.vm.name" value="Java HotSpot(TM) 64-Bit Server VM"/>
    <property name="java.vendor.version" value="18.9"/>
    <property name="localRepository" value="/Users/jay/.m2/repository"/>
    <property name="java.vendor.url.bug" value="https://bugreport.java.com/bugreport/"/>
    <property name="java.io.tmpdir" value="/var/folders/0j/ksdh4b1s6q17hpnl7_w50pq40000gn/T/"/>
    <property name="java.version" value="11.0.7"/>
    <property name="user.dir" value="/Users/jay/Workspace/spark-cobol-jay"/>
    <property name="os.arch" value="x86_64"/>
    <property name="java.vm.specification.name" value="Java Virtual Machine Specification"/>
    <property name="java.awt.printerjob" value="sun.lwawt.macosx.CPrinterJob"/>
    <property name="sun.os.patch.level" value="unknown"/>
    <property name="java.library.path" value="/Users/jay/Library/Java/Extensions:/Library/Java/Extensions:/Network/Library/Java/Extensions:/System/Library/Java/Extensions:/usr/lib/java:."/>
    <property name="java.vendor" value="Oracle Corporation"/>
    <property name="java.vm.info" value="mixed mode"/>
    <property name="java.vm.version" value="11.0.7+8-LTS"/>
    <property name="sun.io.unicode.encoding" value="UnicodeBig"/>
    <property name="java.class.version" value="55.0"/>
    <property name="socksNonProxyHosts" value="local|*.local|169.254/16|*.169.254/16"/>
  </properties>
  <testcase name="testApp" classname="com.test.cobol.AppTest" time="0.004"/>
</testsuite>